Determining if the pthread_create exist failed with the following output:
Change Dir: /home/csmajs/smohi002/lab-06-decorator-pattern-michael_sana_lab6/CMakeFiles/CMakeTmp

Run Build Command(s):/usr/bin/gmake cmTC_dd730/fast 
/usr/bin/gmake -f CMakeFiles/cmTC_dd730.dir/build.make CMakeFiles/cmTC_dd730.dir/build
gmake[1]: Entering directory `/home/csmajs/smohi002/lab-06-decorator-pattern-michael_sana_lab6/CMakeFiles/CMakeTmp'
Building C object CMakeFiles/cmTC_dd730.dir/CheckSymbolExists.c.o
/usr/bin/cc    -o CMakeFiles/cmTC_dd730.dir/CheckSymbolExists.c.o   -c /home/csmajs/smohi002/lab-06-decorator-pattern-michael_sana_lab6/CMakeFiles/CMakeTmp/CheckSymbolExists.c
Linking C executable cmTC_dd730
/usr/bin/cmake3 -E cmake_link_script CMakeFiles/cmTC_dd730.dir/link.txt --verbose=1
/usr/bin/cc      -rdynamic CMakeFiles/cmTC_dd730.dir/CheckSymbolExists.c.o  -o cmTC_dd730 
CMakeFiles/cmTC_dd730.dir/CheckSymbolExists.c.o: In function `main':
CheckSymbolExists.c:(.text+0x16): undefined reference to `pthread_create'
collect2: error: ld returned 1 exit status
gmake[1]: *** [cmTC_dd730] Error 1
gmake[1]: Leaving directory `/home/csmajs/smohi002/lab-06-decorator-pattern-michael_sana_lab6/CMakeFiles/CMakeTmp'
gmake: *** [cmTC_dd730/fast] Error 2

File /home/csmajs/smohi002/lab-06-decorator-pattern-michael_sana_lab6/CMakeFiles/CMakeTmp/CheckSymbolExists.c:
/* */
#include <pthread.h>

int main(int argc, char** argv)
{
  (void)argv;
#ifndef pthread_create
  return ((int*)(&pthread_create))[argc];
#else
  (void)argc;
  return 0;
#endif
}

Determining if the function pthread_create exists in the pthreads failed with the following output:
Change Dir: /home/csmajs/smohi002/lab-06-decorator-pattern-michael_sana_lab6/CMakeFiles/CMakeTmp

Run Build Command(s):/usr/bin/gmake cmTC_c829f/fast 
/usr/bin/gmake -f CMakeFiles/cmTC_c829f.dir/build.make CMakeFiles/cmTC_c829f.dir/build
gmake[1]: Entering directory `/home/csmajs/smohi002/lab-06-decorator-pattern-michael_sana_lab6/CMakeFiles/CMakeTmp'
Building C object CMakeFiles/cmTC_c829f.dir/CheckFunctionExists.c.o
/usr/bin/cc   -DCHECK_FUNCTION_EXISTS=pthread_create   -o CMakeFiles/cmTC_c829f.dir/CheckFunctionExists.c.o   -c /usr/share/cmake3/Modules/CheckFunctionExists.c
Linking C executable cmTC_c829f
/usr/bin/cmake3 -E cmake_link_script CMakeFiles/cmTC_c829f.dir/link.txt --verbose=1
/usr/bin/cc  -DCHECK_FUNCTION_EXISTS=pthread_create    -rdynamic CMakeFiles/cmTC_c829f.dir/CheckFunctionExists.c.o  -o cmTC_c829f -lpthreads 
/usr/bin/ld: cannot find -lpthreads
collect2: error: ld returned 1 exit status
gmake[1]: *** [cmTC_c829f] Error 1
gmake[1]: Leaving directory `/home/csmajs/smohi002/lab-06-decorator-pattern-michael_sana_lab6/CMakeFiles/CMakeTmp'
gmake: *** [cmTC_c829f/fast] Error 2


